<?xml version="1.0" encoding="UTF-8"?>
<!-- Generated by org.testng.reporters.JUnitXMLReporter -->
<testsuite hostname="vasu-PC" name="Smoke" tests="2" failures="1" timestamp="14 Nov 2018 01:06:38 GMT" time="18.85" errors="0">
  <testcase name="empReg" time="8.856" classname="com.vasu.testng.EmpRegTest"/>
  <testcase name="empList" time="0.001" classname="com.vasu.testng.EmpListTest">
    <failure type="java.lang.NullPointerException">
      <![CDATA[java.lang.NullPointerException
	at com.vasu.testng.EmpListTest.empList(EmpListTest.java:14)
... Removed 24 stack frames]]>
    </failure>
  </testcase> <!-- empList -->
</testsuite> <!-- Smoke -->
