<?xml version="1.0" encoding="UTF-8"?>
<testng-results skipped="0" failed="1" total="2" passed="1">
  <reporter-output>
  </reporter-output>
  <suite name="ORHM" duration-ms="18850" started-at="2018-11-14T01:06:19Z" finished-at="2018-11-14T01:06:38Z">
    <groups>
    </groups>
    <test name="Smoke" duration-ms="18850" started-at="2018-11-14T01:06:19Z" finished-at="2018-11-14T01:06:38Z">
      <class name="com.vasu.testng.EmpListTest">
        <test-method status="FAIL" signature="empList()[pri:0, instance:com.vasu.testng.EmpListTest@9629756]" name="empList" duration-ms="1" started-at="2018-11-14T06:36:33Z" finished-at="2018-11-14T06:36:33Z">
          <exception class="java.lang.NullPointerException">
            <full-stacktrace>
              <![CDATA[java.lang.NullPointerException
	at com.vasu.testng.EmpListTest.empList(EmpListTest.java:14)
	at sun.reflect.NativeMethodAccessorImpl.invoke0(Native Method)
	at sun.reflect.NativeMethodAccessorImpl.invoke(NativeMethodAccessorImpl.java:62)
	at sun.reflect.DelegatingMethodAccessorImpl.invoke(DelegatingMethodAccessorImpl.java:43)
	at java.lang.reflect.Method.invoke(Method.java:498)
	at org.testng.internal.MethodInvocationHelper.invokeMethod(MethodInvocationHelper.java:85)
	at org.testng.internal.Invoker.invokeMethod(Invoker.java:639)
	at org.testng.internal.Invoker.invokeTestMethod(Invoker.java:816)
	at org.testng.internal.Invoker.invokeTestMethods(Invoker.java:1124)
	at org.testng.internal.TestMethodWorker.invokeTestMethods(TestMethodWorker.java:125)
	at org.testng.internal.TestMethodWorker.run(TestMethodWorker.java:108)
	at org.testng.TestRunner.privateRun(TestRunner.java:774)
	at org.testng.TestRunner.run(TestRunner.java:624)
	at org.testng.SuiteRunner.runTest(SuiteRunner.java:359)
	at org.testng.SuiteRunner.runSequentially(SuiteRunner.java:354)
	at org.testng.SuiteRunner.privateRun(SuiteRunner.java:312)
	at org.testng.SuiteRunner.run(SuiteRunner.java:261)
	at org.testng.SuiteRunnerWorker.runSuite(SuiteRunnerWorker.java:52)
	at org.testng.SuiteRunnerWorker.run(SuiteRunnerWorker.java:86)
	at org.testng.TestNG.runSuitesSequentially(TestNG.java:1215)
	at org.testng.TestNG.runSuitesLocally(TestNG.java:1140)
	at org.testng.TestNG.run(TestNG.java:1048)
	at org.testng.remote.AbstractRemoteTestNG.run(AbstractRemoteTestNG.java:114)
	at org.testng.remote.RemoteTestNG.initAndRun(RemoteTestNG.java:251)
	at org.testng.remote.RemoteTestNG.main(RemoteTestNG.java:77)
]]>
            </full-stacktrace>
          </exception> <!-- java.lang.NullPointerException -->
          <reporter-output>
          </reporter-output>
        </test-method> <!-- empList -->
      </class> <!-- com.vasu.testng.EmpListTest -->
      <class name="com.vasu.testng.EmpRegTest">
        <test-method status="PASS" signature="appLaunch()[pri:0, instance:com.vasu.testng.EmpRegTest@7f9a81e8]" name="appLaunch" is-config="true" duration-ms="10902" started-at="2018-11-14T06:36:09Z" finished-at="2018-11-14T06:36:19Z">
          <reporter-output>
          </reporter-output>
        </test-method> <!-- appLaunch -->
        <test-method status="PASS" signature="appLogin()[pri:0, instance:com.vasu.testng.EmpRegTest@7f9a81e8]" name="appLogin" is-config="true" duration-ms="4584" started-at="2018-11-14T06:36:19Z" finished-at="2018-11-14T06:36:24Z">
          <reporter-output>
          </reporter-output>
        </test-method> <!-- appLogin -->
        <test-method status="PASS" signature="empReg()[pri:0, instance:com.vasu.testng.EmpRegTest@7f9a81e8]" name="empReg" duration-ms="8856" started-at="2018-11-14T06:36:24Z" finished-at="2018-11-14T06:36:33Z">
          <reporter-output>
          </reporter-output>
        </test-method> <!-- empReg -->
        <test-method status="PASS" signature="appLogout()[pri:0, instance:com.vasu.testng.EmpRegTest@7f9a81e8]" name="appLogout" is-config="true" duration-ms="5376" started-at="2018-11-14T06:36:33Z" finished-at="2018-11-14T06:36:38Z">
          <reporter-output>
          </reporter-output>
        </test-method> <!-- appLogout -->
        <test-method status="PASS" signature="appClose()[pri:0, instance:com.vasu.testng.EmpRegTest@7f9a81e8]" name="appClose" is-config="true" duration-ms="1136" started-at="2018-11-14T06:36:38Z" finished-at="2018-11-14T06:36:40Z">
          <reporter-output>
          </reporter-output>
        </test-method> <!-- appClose -->
      </class> <!-- com.vasu.testng.EmpRegTest -->
    </test> <!-- Smoke -->
  </suite> <!-- ORHM -->
</testng-results>
